<?xml version="1.0" encoding="UTF-8"?>
<coverage generated="1638214211660" clover="3.2.0">
  <project timestamp="1638214211660" name="All files">
    <metrics statements="28" coveredstatements="28" conditionals="6" coveredconditionals="6" methods="11" coveredmethods="11" elements="45" coveredelements="45" complexity="0" loc="28" ncloc="28" packages="1" files="2" classes="2"/>
    <file name="functions.ts" path="/Users/seiha-tsuge/projects/p-challenge-private/テスト/p-challenge-9/functions.ts">
      <metrics statements="17" coveredstatements="17" conditionals="3" coveredconditionals="3" methods="8" coveredmethods="8"/>
      <line num="4" count="1" type="stmt"/>
      <line num="5" count="6" type="stmt"/>
      <line num="8" count="1" type="stmt"/>
      <line num="9" count="1" type="stmt"/>
      <line num="10" count="1" type="stmt"/>
      <line num="14" count="1" type="stmt"/>
      <line num="18" count="2" type="stmt"/>
      <line num="19" count="2" type="stmt"/>
      <line num="21" count="2" type="stmt"/>
      <line num="22" count="1" type="stmt"/>
      <line num="24" count="1" type="stmt"/>
      <line num="29" count="1" type="stmt"/>
      <line num="31" count="2" type="stmt"/>
      <line num="34" count="2" type="cond" truecount="1" falsecount="0"/>
      <line num="36" count="2" type="cond" truecount="2" falsecount="0"/>
      <line num="37" count="1" type="stmt"/>
      <line num="39" count="1" type="stmt"/>
    </file>
    <file name="nameApiService.ts" path="/Users/seiha-tsuge/projects/p-challenge-private/テスト/p-challenge-9/nameApiService.ts">
      <metrics statements="11" coveredstatements="11" conditionals="3" coveredconditionals="3" methods="3" coveredmethods="3"/>
      <line num="1" count="2" type="stmt"/>
      <line num="3" count="2" type="stmt"/>
      <line num="4" count="2" type="stmt"/>
      <line num="5" count="2" type="stmt"/>
      <line num="8" count="2" type="stmt"/>
      <line num="9" count="2" type="cond" truecount="1" falsecount="0"/>
      <line num="10" count="2" type="stmt"/>
      <line num="12" count="2" type="cond" truecount="2" falsecount="0"/>
      <line num="13" count="1" type="stmt"/>
      <line num="16" count="1" type="stmt"/>
      <line num="18" count="2" type="stmt"/>
    </file>
  </project>
</coverage>
