{"/Users/seiha-tsuge/projects/p-challenge-private/テスト/p-challenge-9/functions.ts": {"path":"/Users/seiha-tsuge/projects/p-challenge-private/テスト/p-challenge-9/functions.ts","statementMap":{"0":{"start":{"line":4,"column":13},"end":{"line":6,"column":2}},"1":{"start":{"line":5,"column":2},"end":{"line":5,"column":68}},"2":{"start":{"line":5,"column":58},"end":{"line":5,"column":65}},"3":{"start":{"line":8,"column":13},"end":{"line":12,"column":2}},"4":{"start":{"line":9,"column":2},"end":{"line":11,"column":5}},"5":{"start":{"line":10,"column":4},"end":{"line":10,"column":33}},"6":{"start":{"line":14,"column":13},"end":{"line":27,"column":2}},"7":{"start":{"line":18,"column":2},"end":{"line":26,"column":5}},"8":{"start":{"line":19,"column":4},"end":{"line":25,"column":null}},"9":{"start":{"line":21,"column":6},"end":{"line":21,"column":29}},"10":{"start":{"line":22,"column":6},"end":{"line":22,"column":35}},"11":{"start":{"line":24,"column":6},"end":{"line":24,"column":17}},"12":{"start":{"line":29,"column":13},"end":{"line":40,"column":2}},"13":{"start":{"line":31,"column":32},"end":{"line":40,"column":2}},"14":{"start":{"line":34,"column":20},"end":{"line":34,"column":null}},"15":{"start":{"line":34,"column":8},"end":{"line":34,"column":null}},"16":{"start":{"line":36,"column":2},"end":{"line":38,"column":null}},"17":{"start":{"line":37,"column":4},"end":{"line":37,"column":43}},"18":{"start":{"line":39,"column":2},"end":{"line":39,"column":19}}},"fnMap":{"0":{"name":"(anonymous_13)","decl":{"start":{"line":4,"column":26},"end":{"line":4,"column":27}},"loc":{"start":{"line":4,"column":44},"end":{"line":6,"column":1}}},"1":{"name":"(anonymous_14)","decl":{"start":{"line":5,"column":24},"end":{"line":5,"column":25}},"loc":{"start":{"line":5,"column":45},"end":{"line":5,"column":59}}},"2":{"name":"(anonymous_15)","decl":{"start":{"line":8,"column":31},"end":{"line":8,"column":32}},"loc":{"start":{"line":8,"column":49},"end":{"line":12,"column":1}}},"3":{"name":"(anonymous_16)","decl":{"start":{"line":9,"column":21},"end":{"line":9,"column":22}},"loc":{"start":{"line":9,"column":29},"end":{"line":11,"column":3}}},"4":{"name":"(anonymous_17)","decl":{"start":{"line":14,"column":44},"end":{"line":14,"column":null}},"loc":{"start":{"line":16,"column":24},"end":{"line":27,"column":1}}},"5":{"name":"(anonymous_18)","decl":{"start":{"line":18,"column":21},"end":{"line":18,"column":22}},"loc":{"start":{"line":18,"column":29},"end":{"line":26,"column":3}}},"6":{"name":"(anonymous_19)","decl":{"start":{"line":29,"column":39},"end":{"line":29,"column":null}},"loc":{"start":{"line":31,"column":32},"end":{"line":40,"column":2}}},"7":{"name":"(anonymous_20)","decl":{"start":{"line":31,"column":32},"end":{"line":31,"column":null}},"loc":{"start":{"line":31,"column":32},"end":{"line":40,"column":2}}}},"branchMap":{"0":{"loc":{"start":{"line":34,"column":20},"end":{"line":34,"column":null}},"type":"switch","locations":[{"start":{"line":34,"column":20},"end":{"line":34,"column":null}}]},"1":{"loc":{"start":{"line":36,"column":2},"end":{"line":38,"column":null}},"type":"if","locations":[{"start":{"line":36,"column":2},"end":{"line":38,"column":null}},{"start":{"line":36,"column":2},"end":{"line":38,"column":null}}]}},"s":{"0":1,"1":4,"2":6,"3":1,"4":1,"5":1,"6":1,"7":2,"8":2,"9":2,"10":1,"11":1,"12":1,"13":2,"14":2,"15":2,"16":2,"17":1,"18":1},"f":{"0":4,"1":6,"2":1,"3":1,"4":2,"5":2,"6":2,"7":2},"b":{"0":[2],"1":[1,1]}}
,"/Users/seiha-tsuge/projects/p-challenge-private/テスト/p-challenge-9/nameApiService.ts": {"path":"/Users/seiha-tsuge/projects/p-challenge-private/テスト/p-challenge-9/nameApiService.ts","statementMap":{"0":{"start":{"line":1,"column":0},"end":{"line":1,"column":45}},"1":{"start":{"line":3,"column":0},"end":{"line":3,"column":13}},"2":{"start":{"line":4,"column":10},"end":{"line":4,"column":25}},"3":{"start":{"line":5,"column":10},"end":{"line":5,"column":79}},"4":{"start":{"line":8,"column":15},"end":{"line":17,"column":null}},"5":{"start":{"line":9,"column":21},"end":{"line":9,"column":null}},"6":{"start":{"line":9,"column":10},"end":{"line":9,"column":null}},"7":{"start":{"line":10,"column":10},"end":{"line":10,"column":42}},"8":{"start":{"line":12,"column":4},"end":{"line":14,"column":null}},"9":{"start":{"line":13,"column":6},"end":{"line":13,"column":48}},"10":{"start":{"line":16,"column":4},"end":{"line":16,"column":21}},"11":{"start":{"line":18,"column":0},"end":{"line":18,"column":null}},"12":{"start":{"line":3,"column":13},"end":{"line":3,"column":27}}},"fnMap":{"0":{"name":"(anonymous_13)","decl":{"start":{"line":3,"column":0},"end":{"line":3,"column":13}},"loc":{"start":{"line":3,"column":0},"end":{"line":18,"column":null}}},"1":{"name":"NameApiService","decl":{"start":{"line":6,"column":2},"end":{"line":6,"column":24}},"loc":{"start":{"line":6,"column":2},"end":{"line":6,"column":25}}},"2":{"name":"(anonymous_15)","decl":{"start":{"line":8,"column":2},"end":{"line":8,"column":15}},"loc":{"start":{"line":8,"column":2},"end":{"line":17,"column":null}}}},"branchMap":{"0":{"loc":{"start":{"line":9,"column":21},"end":{"line":9,"column":null}},"type":"switch","locations":[{"start":{"line":9,"column":21},"end":{"line":9,"column":null}}]},"1":{"loc":{"start":{"line":12,"column":4},"end":{"line":14,"column":null}},"type":"if","locations":[{"start":{"line":12,"column":4},"end":{"line":14,"column":null}},{"start":{"line":12,"column":4},"end":{"line":14,"column":null}}]}},"s":{"0":2,"1":2,"2":2,"3":2,"4":2,"5":2,"6":2,"7":2,"8":2,"9":1,"10":1,"11":2,"12":2},"f":{"0":2,"1":2,"2":2},"b":{"0":[2],"1":[1,1]}}
}
