TN:
SF:functions.ts
FN:4,(anonymous_13)
FN:5,(anonymous_14)
FN:8,(anonymous_15)
FN:9,(anonymous_16)
FN:14,(anonymous_17)
FN:18,(anonymous_18)
FN:29,(anonymous_19)
FN:31,(anonymous_20)
FNF:8
FNH:8
FNDA:4,(anonymous_13)
FNDA:6,(anonymous_14)
FNDA:1,(anonymous_15)
FNDA:1,(anonymous_16)
FNDA:2,(anonymous_17)
FNDA:2,(anonymous_18)
FNDA:2,(anonymous_19)
FNDA:2,(anonymous_20)
DA:4,1
DA:5,6
DA:8,1
DA:9,1
DA:10,1
DA:14,1
DA:18,2
DA:19,2
DA:21,2
DA:22,1
DA:24,1
DA:29,1
DA:31,2
DA:34,2
DA:36,2
DA:37,1
DA:39,1
LF:17
LH:17
BRDA:34,0,0,2
BRDA:36,1,0,1
BRDA:36,1,1,1
BRF:3
BRH:3
end_of_record
TN:
SF:nameApiService.ts
FN:3,(anonymous_13)
FN:6,NameApiService
FN:8,(anonymous_15)
FNF:3
FNH:3
FNDA:2,(anonymous_13)
FNDA:2,NameApiService
FNDA:2,(anonymous_15)
DA:1,2
DA:3,2
DA:4,2
DA:5,2
DA:8,2
DA:9,2
DA:10,2
DA:12,2
DA:13,1
DA:16,1
DA:18,2
LF:11
LH:11
BRDA:9,0,0,2
BRDA:12,1,0,1
BRDA:12,1,1,1
BRF:3
BRH:3
end_of_record
